<?xml version="1.0" encoding="UTF-8"?>
<testng-results skipped="2" failed="0" ignored="0" total="2" passed="0">
  <reporter-output>
  </reporter-output>
  <suite name="Default suite" duration-ms="53" started-at="2020-06-10T12:47:15Z" finished-at="2020-06-10T12:47:15Z">
    <groups>
    </groups>
    <test name="Default test" duration-ms="53" started-at="2020-06-10T12:47:15Z" finished-at="2020-06-10T12:47:15Z">
      <class name="com.tests.SignUpTest">
        <test-method status="FAIL" signature="setup(java.lang.String, java.lang.String)[pri:0, instance:com.tests.SignUpTest@77cd7a0]" name="setup" is-config="true" duration-ms="0" started-at="2020-06-10T12:47:15Z" finished-at="2020-06-10T12:47:15Z">
          <exception class="org.testng.TestNGException">
            <message>
              <![CDATA[
Parameter 'url' is required by BeforeTest on method setup but has not been marked @Optional or defined
in C:\Users\kosaiteja\AppData\Local\Temp\testng-eclipse--829398061\testng-customsuite.xml]]>
            </message>
            <full-stacktrace>
              <![CDATA[org.testng.TestNGException: 
Parameter 'url' is required by BeforeTest on method setup but has not been marked @Optional or defined
in C:\Users\kosaiteja\AppData\Local\Temp\testng-eclipse--829398061\testng-customsuite.xml
at org.testng.internal.Parameters.createParams(Parameters.java:290)
at org.testng.internal.Parameters.createParametersForMethod(Parameters.java:359)
at org.testng.internal.Parameters.createParameters(Parameters.java:620)
at org.testng.internal.Parameters.createConfigurationParameters(Parameters.java:190)
at org.testng.internal.Invoker.invokeConfigurations(Invoker.java:209)
at org.testng.internal.Invoker.invokeConfigurations(Invoker.java:142)
at org.testng.TestRunner.beforeRun(TestRunner.java:529)
at org.testng.TestRunner.run(TestRunner.java:497)
at org.testng.SuiteRunner.runTest(SuiteRunner.java:455)
at org.testng.SuiteRunner.runSequentially(SuiteRunner.java:450)
at org.testng.SuiteRunner.privateRun(SuiteRunner.java:415)
at org.testng.SuiteRunner.run(SuiteRunner.java:364)
at org.testng.SuiteRunnerWorker.runSuite(SuiteRunnerWorker.java:52)
at org.testng.SuiteRunnerWorker.run(SuiteRunnerWorker.java:84)
at org.testng.TestNG.runSuitesSequentially(TestNG.java:1208)
at org.testng.TestNG.runSuitesLocally(TestNG.java:1137)
at org.testng.TestNG.runSuites(TestNG.java:1049)
at org.testng.TestNG.run(TestNG.java:1017)
at org.testng.remote.AbstractRemoteTestNG.run(AbstractRemoteTestNG.java:115)
at org.testng.remote.RemoteTestNG.initAndRun(RemoteTestNG.java:251)
at org.testng.remote.RemoteTestNG.main(RemoteTestNG.java:77)
]]>
            </full-stacktrace>
          </exception> <!-- org.testng.TestNGException -->
          <reporter-output>
          </reporter-output>
        </test-method> <!-- setup -->
        <test-method status="SKIP" signature="verifyCreateAccountTest()[pri:1, instance:com.tests.SignUpTest@77cd7a0]" name="verifyCreateAccountTest" duration-ms="0" started-at="2020-06-10T12:47:15Z" finished-at="2020-06-10T12:47:15Z">
          <exception class="org.testng.TestNGException">
            <message>
              <![CDATA[
Parameter 'url' is required by BeforeTest on method setup but has not been marked @Optional or defined
in C:\Users\kosaiteja\AppData\Local\Temp\testng-eclipse--829398061\testng-customsuite.xml]]>
            </message>
            <full-stacktrace>
              <![CDATA[org.testng.TestNGException: 
Parameter 'url' is required by BeforeTest on method setup but has not been marked @Optional or defined
in C:\Users\kosaiteja\AppData\Local\Temp\testng-eclipse--829398061\testng-customsuite.xml
at org.testng.internal.Parameters.createParams(Parameters.java:290)
at org.testng.internal.Parameters.createParametersForMethod(Parameters.java:359)
at org.testng.internal.Parameters.createParameters(Parameters.java:620)
at org.testng.internal.Parameters.createConfigurationParameters(Parameters.java:190)
at org.testng.internal.Invoker.invokeConfigurations(Invoker.java:209)
at org.testng.internal.Invoker.invokeConfigurations(Invoker.java:142)
at org.testng.TestRunner.beforeRun(TestRunner.java:529)
at org.testng.TestRunner.run(TestRunner.java:497)
at org.testng.SuiteRunner.runTest(SuiteRunner.java:455)
at org.testng.SuiteRunner.runSequentially(SuiteRunner.java:450)
at org.testng.SuiteRunner.privateRun(SuiteRunner.java:415)
at org.testng.SuiteRunner.run(SuiteRunner.java:364)
at org.testng.SuiteRunnerWorker.runSuite(SuiteRunnerWorker.java:52)
at org.testng.SuiteRunnerWorker.run(SuiteRunnerWorker.java:84)
at org.testng.TestNG.runSuitesSequentially(TestNG.java:1208)
at org.testng.TestNG.runSuitesLocally(TestNG.java:1137)
at org.testng.TestNG.runSuites(TestNG.java:1049)
at org.testng.TestNG.run(TestNG.java:1017)
at org.testng.remote.AbstractRemoteTestNG.run(AbstractRemoteTestNG.java:115)
at org.testng.remote.RemoteTestNG.initAndRun(RemoteTestNG.java:251)
at org.testng.remote.RemoteTestNG.main(RemoteTestNG.java:77)
]]>
            </full-stacktrace>
          </exception> <!-- org.testng.TestNGException -->
          <reporter-output>
          </reporter-output>
        </test-method> <!-- verifyCreateAccountTest -->
        <test-method status="SKIP" signature="verifyAccountNameTest()[pri:2, instance:com.tests.SignUpTest@77cd7a0]" name="verifyAccountNameTest" duration-ms="0" started-at="2020-06-10T12:47:15Z" finished-at="2020-06-10T12:47:15Z">
          <exception class="org.testng.TestNGException">
            <message>
              <![CDATA[
Parameter 'url' is required by BeforeTest on method setup but has not been marked @Optional or defined
in C:\Users\kosaiteja\AppData\Local\Temp\testng-eclipse--829398061\testng-customsuite.xml]]>
            </message>
            <full-stacktrace>
              <![CDATA[org.testng.TestNGException: 
Parameter 'url' is required by BeforeTest on method setup but has not been marked @Optional or defined
in C:\Users\kosaiteja\AppData\Local\Temp\testng-eclipse--829398061\testng-customsuite.xml
at org.testng.internal.Parameters.createParams(Parameters.java:290)
at org.testng.internal.Parameters.createParametersForMethod(Parameters.java:359)
at org.testng.internal.Parameters.createParameters(Parameters.java:620)
at org.testng.internal.Parameters.createConfigurationParameters(Parameters.java:190)
at org.testng.internal.Invoker.invokeConfigurations(Invoker.java:209)
at org.testng.internal.Invoker.invokeConfigurations(Invoker.java:142)
at org.testng.TestRunner.beforeRun(TestRunner.java:529)
at org.testng.TestRunner.run(TestRunner.java:497)
at org.testng.SuiteRunner.runTest(SuiteRunner.java:455)
at org.testng.SuiteRunner.runSequentially(SuiteRunner.java:450)
at org.testng.SuiteRunner.privateRun(SuiteRunner.java:415)
at org.testng.SuiteRunner.run(SuiteRunner.java:364)
at org.testng.SuiteRunnerWorker.runSuite(SuiteRunnerWorker.java:52)
at org.testng.SuiteRunnerWorker.run(SuiteRunnerWorker.java:84)
at org.testng.TestNG.runSuitesSequentially(TestNG.java:1208)
at org.testng.TestNG.runSuitesLocally(TestNG.java:1137)
at org.testng.TestNG.runSuites(TestNG.java:1049)
at org.testng.TestNG.run(TestNG.java:1017)
at org.testng.remote.AbstractRemoteTestNG.run(AbstractRemoteTestNG.java:115)
at org.testng.remote.RemoteTestNG.initAndRun(RemoteTestNG.java:251)
at org.testng.remote.RemoteTestNG.main(RemoteTestNG.java:77)
]]>
            </full-stacktrace>
          </exception> <!-- org.testng.TestNGException -->
          <reporter-output>
          </reporter-output>
        </test-method> <!-- verifyAccountNameTest -->
        <test-method status="SKIP" signature="teatDown()[pri:0, instance:com.tests.SignUpTest@77cd7a0]" name="teatDown" is-config="true" duration-ms="0" started-at="2020-06-10T12:47:15Z" finished-at="2020-06-10T12:47:15Z">
          <reporter-output>
          </reporter-output>
        </test-method> <!-- teatDown -->
      </class> <!-- com.tests.SignUpTest -->
    </test> <!-- Default test -->
  </suite> <!-- Default suite -->
</testng-results>
